running egg_info
writing ../../build/my_ci_demo/my_ci_demo.egg-info/PKG-INFO
writing dependency_links to ../../build/my_ci_demo/my_ci_demo.egg-info/dependency_links.txt
writing requirements to ../../build/my_ci_demo/my_ci_demo.egg-info/requires.txt
writing top-level names to ../../build/my_ci_demo/my_ci_demo.egg-info/top_level.txt
reading manifest file '../../build/my_ci_demo/my_ci_demo.egg-info/SOURCES.txt'
adding license file 'LICENSE'
writing manifest file '../../build/my_ci_demo/my_ci_demo.egg-info/SOURCES.txt'
running build
running build_py
copying my_ci_demo/math_utils.py -> /home/ajith/ros2-ci-demo/build/my_ci_demo/build/lib/my_ci_demo
running install
running install_lib
copying /home/ajith/ros2-ci-demo/build/my_ci_demo/build/lib/my_ci_demo/math_utils.py -> /home/ajith/ros2-ci-demo/install/my_ci_demo/lib/python3.12/site-packages/my_ci_demo
byte-compiling /home/ajith/ros2-ci-demo/install/my_ci_demo/lib/python3.12/site-packages/my_ci_demo/math_utils.py to math_utils.cpython-312.pyc
running install_data
running install_egg_info
removing '/home/ajith/ros2-ci-demo/install/my_ci_demo/lib/python3.12/site-packages/my_ci_demo-0.0.0-py3.12.egg-info' (and everything under it)
Copying ../../build/my_ci_demo/my_ci_demo.egg-info to /home/ajith/ros2-ci-demo/install/my_ci_demo/lib/python3.12/site-packages/my_ci_demo-0.0.0-py3.12.egg-info
running install_scripts
writing list of installed files to '/home/ajith/ros2-ci-demo/build/my_ci_demo/install.log'
