running egg_info
creating ../../build/my_ci_demo/my_ci_demo.egg-info
writing ../../build/my_ci_demo/my_ci_demo.egg-info/PKG-INFO
writing dependency_links to ../../build/my_ci_demo/my_ci_demo.egg-info/dependency_links.txt
writing requirements to ../../build/my_ci_demo/my_ci_demo.egg-info/requires.txt
writing top-level names to ../../build/my_ci_demo/my_ci_demo.egg-info/top_level.txt
writing manifest file '../../build/my_ci_demo/my_ci_demo.egg-info/SOURCES.txt'
reading manifest file '../../build/my_ci_demo/my_ci_demo.egg-info/SOURCES.txt'
adding license file 'LICENSE'
writing manifest file '../../build/my_ci_demo/my_ci_demo.egg-info/SOURCES.txt'
running build
running build_py
creating /home/ajith/ros2-ci-demo/build/my_ci_demo/build
creating /home/ajith/ros2-ci-demo/build/my_ci_demo/build/lib
creating /home/ajith/ros2-ci-demo/build/my_ci_demo/build/lib/my_ci_demo
copying my_ci_demo/math_utils.py -> /home/ajith/ros2-ci-demo/build/my_ci_demo/build/lib/my_ci_demo
copying my_ci_demo/__init__.py -> /home/ajith/ros2-ci-demo/build/my_ci_demo/build/lib/my_ci_demo
running install
running install_lib
creating /home/ajith/ros2-ci-demo/install/my_ci_demo/lib/python3.12/site-packages/my_ci_demo
copying /home/ajith/ros2-ci-demo/build/my_ci_demo/build/lib/my_ci_demo/math_utils.py -> /home/ajith/ros2-ci-demo/install/my_ci_demo/lib/python3.12/site-packages/my_ci_demo
copying /home/ajith/ros2-ci-demo/build/my_ci_demo/build/lib/my_ci_demo/__init__.py -> /home/ajith/ros2-ci-demo/install/my_ci_demo/lib/python3.12/site-packages/my_ci_demo
byte-compiling /home/ajith/ros2-ci-demo/install/my_ci_demo/lib/python3.12/site-packages/my_ci_demo/math_utils.py to math_utils.cpython-312.pyc
byte-compiling /home/ajith/ros2-ci-demo/install/my_ci_demo/lib/python3.12/site-packages/my_ci_demo/__init__.py to __init__.cpython-312.pyc
running install_data
creating /home/ajith/ros2-ci-demo/install/my_ci_demo/share/ament_index
creating /home/ajith/ros2-ci-demo/install/my_ci_demo/share/ament_index/resource_index
creating /home/ajith/ros2-ci-demo/install/my_ci_demo/share/ament_index/resource_index/packages
copying resource/my_ci_demo -> /home/ajith/ros2-ci-demo/install/my_ci_demo/share/ament_index/resource_index/packages
copying package.xml -> /home/ajith/ros2-ci-demo/install/my_ci_demo/share/my_ci_demo
running install_egg_info
Copying ../../build/my_ci_demo/my_ci_demo.egg-info to /home/ajith/ros2-ci-demo/install/my_ci_demo/lib/python3.12/site-packages/my_ci_demo-0.0.0-py3.12.egg-info
running install_scripts
writing list of installed files to '/home/ajith/ros2-ci-demo/build/my_ci_demo/install.log'
